19:08:44 **** Incremental Build of configuration Debug for project EuropaOS ****
make -j8 all 
arm-none-eabi-gcc "../Core/Src/VASensors.c" -mcpu=cortex-m4 -std=gnu11 -g3 -DDEBUG -DUSE_HAL_DRIVER -DSTM32L4R5xx -c -I../Core/Inc -I../Drivers/STM32L4xx_HAL_Driver/Inc -I../Drivers/STM32L4xx_HAL_Driver/Inc/Legacy -I../Drivers/CMSIS/Device/ST/STM32L4xx/Include -I../Drivers/CMSIS/Include -O0 -ffunction-sections -fdata-sections -Wall -fstack-usage -MMD -MP -MF"Core/Src/VASensors.d" -MT"Core/Src/VASensors.o" --specs=nano.specs -mfpu=fpv4-sp-d16 -mfloat-abi=hard -mthumb -o "Core/Src/VASensors.o"
../Core/Src/VASensors.c: In function 'start_va_sensors':
../Core/Src/VASensors.c:16:11: warning: variable 'vernier_values' set but not used [-Wunused-but-set-variable]
   16 |  uint32_t vernier_values[3];
      |           ^~~~~~~~~~~~~~
../Core/Src/VASensors.c:111:47: warning: 'sprintf' may write a terminating nul past the end of the destination [-Wformat-overflow=]
  111 |      sprintf(msg, "Dissolved O: %0.2f Percent ", dis_o);
      |                                               ^
../Core/Src/VASensors.c:111:6: note: 'sprintf' output between 26 and 336 bytes into a destination of size 26
  111 |      sprintf(msg, "Dissolved O: %0.2f Percent ", dis_o);
      |      ^~~~~~~~~~~~~~~~~~~~~~~~~~~~~~~~~~~~~~~~~~~~~~~~~~
arm-none-eabi-gcc -o "EuropaOS.elf" @"objects.list"   -mcpu=cortex-m4 -T"C:\Users\liams\Documents\MSD\Code-Repo\MSD-EuropaExplore\EuropaOS\STM32L4R5ZITX_FLASH.ld" --specs=nosys.specs -Wl,-Map="EuropaOS.map" -Wl,--gc-sections -static --specs=nano.specs -mfpu=fpv4-sp-d16 -mfloat-abi=hard -mthumb -u _printf_float -Wl,--start-group -lc -lm -Wl,--end-group
Finished building target: EuropaOS.elf
 
arm-none-eabi-size   EuropaOS.elf 
arm-none-eabi-objdump -h -S  EuropaOS.elf  > "EuropaOS.list"
   text	   data	    bss	    dec	    hex	filename
  41700	    484	   1916	  44100	   ac44	EuropaOS.elf
Finished building: default.size.stdout
 
Finished building: EuropaOS.list
 

19:08:46 Build Finished. 0 errors, 2 warnings. (took 2s.34ms)

